app/build/intermediates/manifest_merge_blame_file/debug/manifest-merger-blame-debug-report.txt
1<?xml version="1.0" encoding="utf-8"?>
2<manifest xmlns:android="http://schemas.android.com/apk/res/android"
3    package="com.pra.birddemo"
4    android:versionCode="1"
5    android:versionName="1.0" >
6
7    <uses-sdk
8        android:minSdkVersion="24"
8-->src/main/AndroidManifest.xml
9        android:targetSdkVersion="31" />
9-->src/main/AndroidManifest.xml
10
11    <!-- Both "AR Optional" and "AR Required" apps require CAMERA permission. -->
12    <uses-permission android:name="android.permission.CAMERA" />
12-->src/main/AndroidManifest.xml:6:5-65
12-->src/main/AndroidManifest.xml:6:22-62
13
14    <!--
15         Indicates that app requires ARCore ("AR Required"). Ensures the app is
16         visible only in the Google Play Store on devices that support ARCore.
17         For "AR Optional" apps remove this line.
18    -->
19    <uses-feature
19-->src/main/AndroidManifest.xml:11:5-13:36
20        android:name="android.hardware.camera.ar"
20-->src/main/AndroidManifest.xml:12:9-50
21        android:required="false" />
21-->src/main/AndroidManifest.xml:13:9-33
22
23    <queries>
23-->[com.google.ar:core:1.29.0] AndroidManifest.xml:29:5-31:15
24        <package android:name="com.google.ar.core" />
24-->[com.google.ar:core:1.29.0] AndroidManifest.xml:30:9-54
24-->[com.google.ar:core:1.29.0] AndroidManifest.xml:30:18-51
25    </queries>
26
27    <application
27-->src/main/AndroidManifest.xml:16:5-36:19
28        android:allowBackup="true"
28-->src/main/AndroidManifest.xml:17:9-35
29        android:appComponentFactory="androidx.core.app.CoreComponentFactory"
29-->[androidx.core:core:1.7.0] AndroidManifest.xml:24:18-86
30        android:debuggable="true"
31        android:extractNativeLibs="false"
32        android:icon="@mipmap/ic_launcher"
32-->src/main/AndroidManifest.xml:18:9-43
33        android:label="@string/app_name"
33-->src/main/AndroidManifest.xml:19:9-41
34        android:roundIcon="@mipmap/ic_launcher_round"
34-->src/main/AndroidManifest.xml:20:9-54
35        android:supportsRtl="true"
35-->src/main/AndroidManifest.xml:21:9-35
36        android:testOnly="true" >
37        <activity
37-->src/main/AndroidManifest.xml:22:9-30:20
38            android:name="com.pra.birddemo.MainActivity"
38-->src/main/AndroidManifest.xml:23:13-41
39            android:exported="true" >
39-->src/main/AndroidManifest.xml:24:13-36
40            <intent-filter>
40-->src/main/AndroidManifest.xml:25:13-29:29
41                <action android:name="android.intent.action.MAIN" />
41-->src/main/AndroidManifest.xml:26:17-69
41-->src/main/AndroidManifest.xml:26:25-66
42
43                <category android:name="android.intent.category.LAUNCHER" />
43-->src/main/AndroidManifest.xml:28:17-77
43-->src/main/AndroidManifest.xml:28:27-74
44            </intent-filter>
45        </activity>
46
47        <meta-data
47-->src/main/AndroidManifest.xml:32:9-34:40
48            android:name="com.google.ar.core"
48-->src/main/AndroidManifest.xml:33:13-46
49            android:value="optional" />
49-->src/main/AndroidManifest.xml:34:13-37
50
51        <!-- The minimal version code of ARCore APK required for an app using this SDK. -->
52        <meta-data
52-->[com.google.ar:core:1.29.0] AndroidManifest.xml:36:9-38:41
53            android:name="com.google.ar.core.min_apk_version"
53-->[com.google.ar:core:1.29.0] AndroidManifest.xml:37:13-62
54            android:value="212840000" /> <!-- This activity is critical for installing ARCore when it is not already present. -->
54-->[com.google.ar:core:1.29.0] AndroidManifest.xml:38:13-38
55        <activity
55-->[com.google.ar:core:1.29.0] AndroidManifest.xml:40:9-46:80
56            android:name="com.google.ar.core.InstallActivity"
56-->[com.google.ar:core:1.29.0] AndroidManifest.xml:41:13-62
57            android:configChanges="keyboardHidden|orientation|screenSize"
57-->[com.google.ar:core:1.29.0] AndroidManifest.xml:42:13-74
58            android:excludeFromRecents="true"
58-->[com.google.ar:core:1.29.0] AndroidManifest.xml:43:13-46
59            android:exported="false"
59-->[com.google.ar:core:1.29.0] AndroidManifest.xml:44:13-37
60            android:launchMode="singleTop"
60-->[com.google.ar:core:1.29.0] AndroidManifest.xml:45:13-43
61            android:theme="@android:style/Theme.Material.Light.Dialog.Alert" />
61-->[com.google.ar:core:1.29.0] AndroidManifest.xml:46:13-77
62
63        <provider
63-->[androidx.emoji2:emoji2:1.0.0] AndroidManifest.xml:26:9-34:20
64            android:name="androidx.startup.InitializationProvider"
64-->[androidx.emoji2:emoji2:1.0.0] AndroidManifest.xml:27:13-67
65            android:authorities="com.pra.birddemo.androidx-startup"
65-->[androidx.emoji2:emoji2:1.0.0] AndroidManifest.xml:28:13-68
66            android:exported="false" >
66-->[androidx.emoji2:emoji2:1.0.0] AndroidManifest.xml:29:13-37
67            <meta-data
67-->[androidx.emoji2:emoji2:1.0.0] AndroidManifest.xml:31:13-33:52
68                android:name="androidx.emoji2.text.EmojiCompatInitializer"
68-->[androidx.emoji2:emoji2:1.0.0] AndroidManifest.xml:32:17-75
69                android:value="androidx.startup" />
69-->[androidx.emoji2:emoji2:1.0.0] AndroidManifest.xml:33:17-49
70            <meta-data
70-->[androidx.lifecycle:lifecycle-process:2.4.0] AndroidManifest.xml:31:13-33:52
71                android:name="androidx.lifecycle.ProcessLifecycleInitializer"
71-->[androidx.lifecycle:lifecycle-process:2.4.0] AndroidManifest.xml:32:17-78
72                android:value="androidx.startup" />
72-->[androidx.lifecycle:lifecycle-process:2.4.0] AndroidManifest.xml:33:17-49
73        </provider>
74    </application>
75
76</manifest>